2018-12-10T09:00:29+00:00 CRITICAL Uncaught Error: Call to undefined method eightstore_lite_About_Theme::eightstore_lite_call_plugin_api() in C:\xampp\htdocs\ICT\wp-content\themes\eightstore-lite\welcome\eightstore_lite_about.php:432
Stack trace:
#0 C:\xampp\htdocs\ICT\wp-includes\class-wp-hook.php(286): eightstore_lite_About_Theme->eightstore_lite_plugin_activation_callback('')
#1 C:\xampp\htdocs\ICT\wp-includes\class-wp-hook.php(310): WP_Hook->apply_filters('', Array)
#2 C:\xampp\htdocs\ICT\wp-includes\plugin.php(453): WP_Hook->do_action(Array)
#3 C:\xampp\htdocs\ICT\wp-admin\admin-ajax.php(99): do_action('wp_ajax_eightst...')
#4 {main}
  thrown in C:\xampp\htdocs\ICT\wp-content\themes\eightstore-lite\welcome\eightstore_lite_about.php on line 432

2018-12-10T09:42:03+00:00 CRITICAL Cannot redeclare eightstore_lite_register_footer_2_widget() (previously declared in C:\xampp\htdocs\ICT\wp-content\themes\eightstore-lite\inc\widgets\assets\widget-footer-2.php:12) in C:\xampp\htdocs\ICT\wp-content\themes\eightstore-lite\inc\widgets\assets\widget-footer-3.php on line 11

2018-12-10T09:42:06+00:00 CRITICAL Cannot redeclare eightstore_lite_register_footer_2_widget() (previously declared in C:\xampp\htdocs\ICT\wp-content\themes\eightstore-lite\inc\widgets\assets\widget-footer-2.php:12) in C:\xampp\htdocs\ICT\wp-content\themes\eightstore-lite\inc\widgets\assets\widget-footer-3.php on line 11

2018-12-10T09:42:08+00:00 CRITICAL Cannot redeclare eightstore_lite_register_footer_2_widget() (previously declared in C:\xampp\htdocs\ICT\wp-content\themes\eightstore-lite\inc\widgets\assets\widget-footer-2.php:12) in C:\xampp\htdocs\ICT\wp-content\themes\eightstore-lite\inc\widgets\assets\widget-footer-3.php on line 11

2018-12-10T09:42:23+00:00 CRITICAL Cannot redeclare eightstore_lite_register_footer_2_widget() (previously declared in C:\xampp\htdocs\ICT\wp-content\themes\eightstore-lite\inc\widgets\assets\widget-footer-2.php:12) in C:\xampp\htdocs\ICT\wp-content\themes\eightstore-lite\inc\widgets\assets\widget-footer-3.php on line 11

2018-12-10T09:42:37+00:00 CRITICAL Cannot redeclare eightstore_lite_register_footer_2_widget() (previously declared in C:\xampp\htdocs\ICT\wp-content\themes\eightstore-lite\inc\widgets\assets\widget-footer-2.php:12) in C:\xampp\htdocs\ICT\wp-content\themes\eightstore-lite\inc\widgets\assets\widget-footer-3.php on line 11

2018-12-10T09:44:22+00:00 CRITICAL Cannot redeclare eightstore_lite_register_footer_3_widget() (previously declared in C:\xampp\htdocs\ICT\wp-content\themes\eightstore-lite\inc\widgets\assets\widget-footer-3.php:12) in C:\xampp\htdocs\ICT\wp-content\themes\eightstore-lite\inc\widgets\assets\widget-footer-4.php on line 11

2018-12-10T09:44:24+00:00 CRITICAL Cannot redeclare eightstore_lite_register_footer_3_widget() (previously declared in C:\xampp\htdocs\ICT\wp-content\themes\eightstore-lite\inc\widgets\assets\widget-footer-3.php:12) in C:\xampp\htdocs\ICT\wp-content\themes\eightstore-lite\inc\widgets\assets\widget-footer-4.php on line 11

2018-12-10T09:44:27+00:00 CRITICAL Cannot redeclare eightstore_lite_register_footer_3_widget() (previously declared in C:\xampp\htdocs\ICT\wp-content\themes\eightstore-lite\inc\widgets\assets\widget-footer-3.php:12) in C:\xampp\htdocs\ICT\wp-content\themes\eightstore-lite\inc\widgets\assets\widget-footer-4.php on line 11

2018-12-10T09:44:28+00:00 CRITICAL Cannot redeclare eightstore_lite_register_footer_3_widget() (previously declared in C:\xampp\htdocs\ICT\wp-content\themes\eightstore-lite\inc\widgets\assets\widget-footer-3.php:12) in C:\xampp\htdocs\ICT\wp-content\themes\eightstore-lite\inc\widgets\assets\widget-footer-4.php on line 11

2018-12-10T09:44:45+00:00 CRITICAL Cannot redeclare eightstore_lite_register_footer_3_widget() (previously declared in C:\xampp\htdocs\ICT\wp-content\themes\eightstore-lite\inc\widgets\assets\widget-footer-3.php:12) in C:\xampp\htdocs\ICT\wp-content\themes\eightstore-lite\inc\widgets\assets\widget-footer-4.php on line 11

2018-12-10T09:44:47+00:00 CRITICAL Cannot redeclare eightstore_lite_register_footer_3_widget() (previously declared in C:\xampp\htdocs\ICT\wp-content\themes\eightstore-lite\inc\widgets\assets\widget-footer-3.php:12) in C:\xampp\htdocs\ICT\wp-content\themes\eightstore-lite\inc\widgets\assets\widget-footer-4.php on line 11

2018-12-10T09:44:49+00:00 CRITICAL Cannot redeclare eightstore_lite_register_footer_3_widget() (previously declared in C:\xampp\htdocs\ICT\wp-content\themes\eightstore-lite\inc\widgets\assets\widget-footer-3.php:12) in C:\xampp\htdocs\ICT\wp-content\themes\eightstore-lite\inc\widgets\assets\widget-footer-4.php on line 11

2018-12-10T09:44:50+00:00 CRITICAL Cannot redeclare eightstore_lite_register_footer_3_widget() (previously declared in C:\xampp\htdocs\ICT\wp-content\themes\eightstore-lite\inc\widgets\assets\widget-footer-3.php:12) in C:\xampp\htdocs\ICT\wp-content\themes\eightstore-lite\inc\widgets\assets\widget-footer-4.php on line 11

2018-12-10T09:53:01+00:00 CRITICAL Object of class WP_Error could not be converted to string in C:\xampp\htdocs\ICT\wp-includes\formatting.php on line 3796

2018-12-10T10:04:16+00:00 CRITICAL Object of class WP_Error could not be converted to string in C:\xampp\htdocs\ICT\wp-includes\formatting.php on line 3796

2018-12-10T10:07:05+00:00 CRITICAL Object of class WP_Error could not be converted to string in C:\xampp\htdocs\ICT\wp-includes\formatting.php on line 3796

2018-12-10T10:10:58+00:00 CRITICAL Object of class WP_Error could not be converted to string in C:\xampp\htdocs\ICT\wp-includes\formatting.php on line 3796

2018-12-10T10:59:26+00:00 CRITICAL Object of class WP_Error could not be converted to string in C:\xampp\htdocs\ICT\wp-includes\formatting.php on line 3796

2018-12-10T11:20:56+00:00 CRITICAL Object of class WP_Error could not be converted to string in C:\xampp\htdocs\ICT\wp-includes\formatting.php on line 3796

2018-12-10T12:34:55+00:00 CRITICAL Object of class WP_Error could not be converted to string in C:\xampp\htdocs\ICT\wp-includes\formatting.php on line 3796

2018-12-10T12:35:15+00:00 CRITICAL Object of class WP_Error could not be converted to string in C:\xampp\htdocs\ICT\wp-includes\formatting.php on line 3796

2018-12-10T12:40:31+00:00 CRITICAL Object of class WP_Error could not be converted to string in C:\xampp\htdocs\ICT\wp-includes\formatting.php on line 3796

2018-12-10T12:42:15+00:00 CRITICAL Object of class WP_Error could not be converted to string in C:\xampp\htdocs\ICT\wp-includes\formatting.php on line 3796

2018-12-10T12:42:22+00:00 CRITICAL Object of class WP_Error could not be converted to string in C:\xampp\htdocs\ICT\wp-includes\formatting.php on line 3796

2018-12-10T12:42:47+00:00 CRITICAL Object of class WP_Error could not be converted to string in C:\xampp\htdocs\ICT\wp-includes\formatting.php on line 3796

2018-12-10T12:43:50+00:00 CRITICAL Object of class WP_Error could not be converted to string in C:\xampp\htdocs\ICT\wp-includes\formatting.php on line 3796

2018-12-10T12:47:54+00:00 CRITICAL Object of class WP_Error could not be converted to string in C:\xampp\htdocs\ICT\wp-includes\formatting.php on line 3796

2018-12-10T12:48:52+00:00 CRITICAL Object of class WP_Error could not be converted to string in C:\xampp\htdocs\ICT\wp-includes\formatting.php on line 3796

2018-12-10T12:48:55+00:00 CRITICAL Object of class WP_Error could not be converted to string in C:\xampp\htdocs\ICT\wp-includes\formatting.php on line 3796

2018-12-10T12:50:38+00:00 CRITICAL Object of class WP_Error could not be converted to string in C:\xampp\htdocs\ICT\wp-includes\formatting.php on line 3796

2018-12-10T12:51:57+00:00 CRITICAL Object of class WP_Error could not be converted to string in C:\xampp\htdocs\ICT\wp-includes\formatting.php on line 3796

2018-12-10T12:52:24+00:00 CRITICAL Object of class WP_Error could not be converted to string in C:\xampp\htdocs\ICT\wp-includes\formatting.php on line 3796

2018-12-10T12:53:00+00:00 CRITICAL Object of class WP_Error could not be converted to string in C:\xampp\htdocs\ICT\wp-includes\formatting.php on line 3796

2018-12-10T12:53:09+00:00 CRITICAL Object of class WP_Error could not be converted to string in C:\xampp\htdocs\ICT\wp-includes\formatting.php on line 3796

